2022-10-24 13:24:25,839 [Worker-26] INFO  o.e.m.c.i.l.LifecycleMappingFactory - Using org.eclipse.m2e.jdt.JarLifecycleMapping lifecycle mapping for MavenProject: ajc.fr.thales:projetPatisserie:0.0.1-SNAPSHOT @ C:\Users\ajc\Desktop\projet\projetPatisserie\back-patisserie\projetPatisserie\pom.xml.
2022-10-24 13:24:35,946 [Worker-26] INFO  o.e.m.j.i.AbstractJavaProjectConfigurator - Adding source folder /projetPatisserie/src/main/java
2022-10-24 13:24:35,947 [Worker-26] INFO  o.e.m.j.i.AbstractJavaProjectConfigurator - Adding resource folder /projetPatisserie/src/main/resources
2022-10-24 13:24:36,017 [Worker-26] INFO  o.e.m.j.i.AbstractJavaProjectConfigurator - Adding resource folder /projetPatisserie/src/main/resources
2022-10-24 13:24:36,220 [Worker-26] INFO  o.e.m.j.i.AbstractJavaProjectConfigurator - Adding source folder /projetPatisserie/src/test/java
2022-10-24 13:24:49,607 [Worker-26] INFO  o.e.m.c.i.p.ProjectConfigurationManager - Imported and configured 1 project(s) in 28 sec
2022-10-24 13:25:02,189 [Worker-23] INFO  o.e.m.c.i.embedder.EclipseLogger - Using 'UTF-8' encoding to copy filtered resources.
2022-10-24 13:25:02,192 [Worker-23] INFO  o.e.m.c.i.embedder.EclipseLogger - Using 'UTF-8' encoding to copy filtered properties files.
2022-10-24 13:25:02,201 [Worker-23] INFO  o.e.m.c.i.embedder.EclipseLogger - Copying 1 resource
2022-10-24 13:25:02,236 [Worker-23] INFO  o.e.m.c.i.embedder.EclipseLogger - Copying 0 resource
2022-10-24 13:25:02,248 [Worker-23] INFO  o.e.m.c.i.embedder.EclipseLogger - Using 'UTF-8' encoding to copy filtered resources.
2022-10-24 13:25:02,248 [Worker-23] INFO  o.e.m.c.i.embedder.EclipseLogger - Using 'UTF-8' encoding to copy filtered properties files.
2022-10-24 13:25:02,248 [Worker-23] INFO  o.e.m.c.i.embedder.EclipseLogger - skip non existing resourceDirectory C:\Users\ajc\Desktop\projet\projetPatisserie\back-patisserie\projetPatisserie\src\test\resources
2022-10-24 13:25:34,686 [Worker-12] INFO  o.e.m.c.i.embedder.EclipseLogger - Using 'UTF-8' encoding to copy filtered resources.
2022-10-24 13:25:34,686 [Worker-12] INFO  o.e.m.c.i.embedder.EclipseLogger - Using 'UTF-8' encoding to copy filtered properties files.
2022-10-24 13:25:34,690 [Worker-12] INFO  o.e.m.c.i.embedder.EclipseLogger - Copying 1 resource
2022-10-24 13:25:34,705 [Worker-12] INFO  o.e.m.c.i.embedder.EclipseLogger - Copying 0 resource
2022-10-24 13:25:34,707 [Worker-12] INFO  o.e.m.c.i.embedder.EclipseLogger - Using 'UTF-8' encoding to copy filtered resources.
2022-10-24 13:25:34,708 [Worker-12] INFO  o.e.m.c.i.embedder.EclipseLogger - Using 'UTF-8' encoding to copy filtered properties files.
2022-10-24 13:25:34,708 [Worker-12] INFO  o.e.m.c.i.embedder.EclipseLogger - skip non existing resourceDirectory C:\Users\ajc\Desktop\projet\projetPatisserie\back-patisserie\projetPatisserie\src\test\resources
2022-10-24 13:26:39,352 [Worker-23] INFO  o.e.m.c.i.embedder.EclipseLogger - Using 'UTF-8' encoding to copy filtered resources.
2022-10-24 13:26:39,353 [Worker-23] INFO  o.e.m.c.i.embedder.EclipseLogger - Using 'UTF-8' encoding to copy filtered properties files.
2022-10-24 13:26:39,358 [Worker-23] INFO  o.e.m.c.i.embedder.EclipseLogger - Copying 1 resource
2022-10-24 13:26:39,371 [Worker-23] INFO  o.e.m.c.i.embedder.EclipseLogger - Copying 0 resource
2022-10-24 13:26:39,374 [Worker-23] INFO  o.e.m.c.i.embedder.EclipseLogger - Using 'UTF-8' encoding to copy filtered resources.
2022-10-24 13:26:39,374 [Worker-23] INFO  o.e.m.c.i.embedder.EclipseLogger - Using 'UTF-8' encoding to copy filtered properties files.
2022-10-24 13:26:39,374 [Worker-23] INFO  o.e.m.c.i.embedder.EclipseLogger - skip non existing resourceDirectory C:\Users\ajc\Desktop\projet\projetPatisserie\back-patisserie\projetPatisserie\src\test\resources
2022-10-24 13:26:52,035 [Worker-7] INFO  o.e.m.c.i.embedder.EclipseLogger - Using 'UTF-8' encoding to copy filtered resources.
2022-10-24 13:26:52,036 [Worker-7] INFO  o.e.m.c.i.embedder.EclipseLogger - Using 'UTF-8' encoding to copy filtered properties files.
2022-10-24 13:26:52,066 [Worker-7] INFO  o.e.m.c.i.embedder.EclipseLogger - Copying 1 resource
2022-10-24 13:26:52,083 [Worker-7] INFO  o.e.m.c.i.embedder.EclipseLogger - Copying 0 resource
2022-10-24 13:26:52,085 [Worker-7] INFO  o.e.m.c.i.embedder.EclipseLogger - Using 'UTF-8' encoding to copy filtered resources.
2022-10-24 13:26:52,086 [Worker-7] INFO  o.e.m.c.i.embedder.EclipseLogger - Using 'UTF-8' encoding to copy filtered properties files.
2022-10-24 13:26:52,088 [Worker-7] INFO  o.e.m.c.i.embedder.EclipseLogger - skip non existing resourceDirectory C:\Users\ajc\Desktop\projet\projetPatisserie\back-patisserie\projetPatisserie\src\test\resources
2022-10-24 13:27:04,693 [Worker-4] INFO  o.e.m.c.i.embedder.EclipseLogger - Using 'UTF-8' encoding to copy filtered resources.
2022-10-24 13:27:04,694 [Worker-4] INFO  o.e.m.c.i.embedder.EclipseLogger - Using 'UTF-8' encoding to copy filtered properties files.
2022-10-24 13:27:04,695 [Worker-4] INFO  o.e.m.c.i.embedder.EclipseLogger - Copying 1 resource
2022-10-24 13:27:04,712 [Worker-4] INFO  o.e.m.c.i.embedder.EclipseLogger - Copying 0 resource
2022-10-24 13:27:04,715 [Worker-4] INFO  o.e.m.c.i.embedder.EclipseLogger - Using 'UTF-8' encoding to copy filtered resources.
2022-10-24 13:27:04,715 [Worker-4] INFO  o.e.m.c.i.embedder.EclipseLogger - Using 'UTF-8' encoding to copy filtered properties files.
2022-10-24 13:27:04,715 [Worker-4] INFO  o.e.m.c.i.embedder.EclipseLogger - skip non existing resourceDirectory C:\Users\ajc\Desktop\projet\projetPatisserie\back-patisserie\projetPatisserie\src\test\resources
2022-10-24 13:27:15,964 [Worker-7] INFO  o.e.m.c.i.embedder.EclipseLogger - Using 'UTF-8' encoding to copy filtered resources.
2022-10-24 13:27:15,964 [Worker-7] INFO  o.e.m.c.i.embedder.EclipseLogger - Using 'UTF-8' encoding to copy filtered properties files.
2022-10-24 13:27:15,965 [Worker-7] INFO  o.e.m.c.i.embedder.EclipseLogger - Copying 1 resource
2022-10-24 13:27:15,978 [Worker-7] INFO  o.e.m.c.i.embedder.EclipseLogger - Copying 0 resource
2022-10-24 13:27:15,981 [Worker-7] INFO  o.e.m.c.i.embedder.EclipseLogger - Using 'UTF-8' encoding to copy filtered resources.
2022-10-24 13:27:15,983 [Worker-7] INFO  o.e.m.c.i.embedder.EclipseLogger - Using 'UTF-8' encoding to copy filtered properties files.
2022-10-24 13:27:15,983 [Worker-7] INFO  o.e.m.c.i.embedder.EclipseLogger - skip non existing resourceDirectory C:\Users\ajc\Desktop\projet\projetPatisserie\back-patisserie\projetPatisserie\src\test\resources
2022-10-24 13:27:36,734 [Worker-12] INFO  o.e.m.c.i.embedder.EclipseLogger - Using 'UTF-8' encoding to copy filtered resources.
2022-10-24 13:27:36,734 [Worker-12] INFO  o.e.m.c.i.embedder.EclipseLogger - Using 'UTF-8' encoding to copy filtered properties files.
2022-10-24 13:27:36,735 [Worker-12] INFO  o.e.m.c.i.embedder.EclipseLogger - Copying 1 resource
2022-10-24 13:27:36,761 [Worker-12] INFO  o.e.m.c.i.embedder.EclipseLogger - Copying 0 resource
2022-10-24 13:27:36,779 [Worker-12] INFO  o.e.m.c.i.embedder.EclipseLogger - Using 'UTF-8' encoding to copy filtered resources.
2022-10-24 13:27:36,779 [Worker-12] INFO  o.e.m.c.i.embedder.EclipseLogger - Using 'UTF-8' encoding to copy filtered properties files.
2022-10-24 13:27:36,779 [Worker-12] INFO  o.e.m.c.i.embedder.EclipseLogger - skip non existing resourceDirectory C:\Users\ajc\Desktop\projet\projetPatisserie\back-patisserie\projetPatisserie\src\test\resources
2022-10-24 13:27:51,761 [Worker-2] INFO  o.e.m.c.i.embedder.EclipseLogger - Using 'UTF-8' encoding to copy filtered resources.
2022-10-24 13:27:51,762 [Worker-2] INFO  o.e.m.c.i.embedder.EclipseLogger - Using 'UTF-8' encoding to copy filtered properties files.
2022-10-24 13:27:51,763 [Worker-2] INFO  o.e.m.c.i.embedder.EclipseLogger - Copying 1 resource
2022-10-24 13:27:51,807 [Worker-2] INFO  o.e.m.c.i.embedder.EclipseLogger - Copying 0 resource
2022-10-24 13:27:51,813 [Worker-2] INFO  o.e.m.c.i.embedder.EclipseLogger - Using 'UTF-8' encoding to copy filtered resources.
2022-10-24 13:28:02,257 [Worker-2] INFO  o.e.m.c.i.embedder.EclipseLogger - Using 'UTF-8' encoding to copy filtered properties files.
2022-10-24 13:28:02,257 [Worker-2] INFO  o.e.m.c.i.embedder.EclipseLogger - skip non existing resourceDirectory C:\Users\ajc\Desktop\projet\projetPatisserie\back-patisserie\projetPatisserie\src\test\resources
2022-10-24 13:28:52,447 [Worker-0] INFO  o.e.m.c.i.embedder.EclipseLogger - Using 'UTF-8' encoding to copy filtered resources.
2022-10-24 13:28:52,448 [Worker-0] INFO  o.e.m.c.i.embedder.EclipseLogger - Using 'UTF-8' encoding to copy filtered properties files.
2022-10-24 13:28:52,449 [Worker-0] INFO  o.e.m.c.i.embedder.EclipseLogger - Copying 1 resource
2022-10-24 13:28:52,461 [Worker-0] INFO  o.e.m.c.i.embedder.EclipseLogger - Copying 0 resource
2022-10-24 13:28:52,463 [Worker-0] INFO  o.e.m.c.i.embedder.EclipseLogger - Using 'UTF-8' encoding to copy filtered resources.
2022-10-24 13:28:52,463 [Worker-0] INFO  o.e.m.c.i.embedder.EclipseLogger - Using 'UTF-8' encoding to copy filtered properties files.
2022-10-24 13:28:52,464 [Worker-0] INFO  o.e.m.c.i.embedder.EclipseLogger - skip non existing resourceDirectory C:\Users\ajc\Desktop\projet\projetPatisserie\back-patisserie\projetPatisserie\src\test\resources
2022-10-24 13:29:11,240 [Worker-18] INFO  o.e.m.c.i.embedder.EclipseLogger - Using 'UTF-8' encoding to copy filtered resources.
2022-10-24 13:29:11,240 [Worker-18] INFO  o.e.m.c.i.embedder.EclipseLogger - Using 'UTF-8' encoding to copy filtered properties files.
2022-10-24 13:29:11,243 [Worker-18] INFO  o.e.m.c.i.embedder.EclipseLogger - Copying 1 resource
2022-10-24 13:29:11,254 [Worker-18] INFO  o.e.m.c.i.embedder.EclipseLogger - Copying 0 resource
2022-10-24 13:29:11,257 [Worker-18] INFO  o.e.m.c.i.embedder.EclipseLogger - Using 'UTF-8' encoding to copy filtered resources.
2022-10-24 13:29:11,258 [Worker-18] INFO  o.e.m.c.i.embedder.EclipseLogger - Using 'UTF-8' encoding to copy filtered properties files.
2022-10-24 13:29:11,258 [Worker-18] INFO  o.e.m.c.i.embedder.EclipseLogger - skip non existing resourceDirectory C:\Users\ajc\Desktop\projet\projetPatisserie\back-patisserie\projetPatisserie\src\test\resources
2022-10-24 13:29:31,154 [Worker-18] INFO  o.e.m.c.i.embedder.EclipseLogger - Using 'UTF-8' encoding to copy filtered resources.
2022-10-24 13:29:31,154 [Worker-18] INFO  o.e.m.c.i.embedder.EclipseLogger - Using 'UTF-8' encoding to copy filtered properties files.
2022-10-24 13:29:31,155 [Worker-18] INFO  o.e.m.c.i.embedder.EclipseLogger - Copying 1 resource
2022-10-24 13:29:31,168 [Worker-18] INFO  o.e.m.c.i.embedder.EclipseLogger - Copying 0 resource
2022-10-24 13:29:31,170 [Worker-18] INFO  o.e.m.c.i.embedder.EclipseLogger - Using 'UTF-8' encoding to copy filtered resources.
2022-10-24 13:29:31,170 [Worker-18] INFO  o.e.m.c.i.embedder.EclipseLogger - Using 'UTF-8' encoding to copy filtered properties files.
2022-10-24 13:29:31,170 [Worker-18] INFO  o.e.m.c.i.embedder.EclipseLogger - skip non existing resourceDirectory C:\Users\ajc\Desktop\projet\projetPatisserie\back-patisserie\projetPatisserie\src\test\resources
2022-10-24 13:29:46,545 [Worker-15] INFO  o.e.m.c.i.embedder.EclipseLogger - Using 'UTF-8' encoding to copy filtered resources.
2022-10-24 13:29:46,545 [Worker-15] INFO  o.e.m.c.i.embedder.EclipseLogger - Using 'UTF-8' encoding to copy filtered properties files.
2022-10-24 13:29:46,547 [Worker-15] INFO  o.e.m.c.i.embedder.EclipseLogger - Copying 1 resource
2022-10-24 13:29:46,558 [Worker-15] INFO  o.e.m.c.i.embedder.EclipseLogger - Copying 0 resource
2022-10-24 13:29:46,561 [Worker-15] INFO  o.e.m.c.i.embedder.EclipseLogger - Using 'UTF-8' encoding to copy filtered resources.
2022-10-24 13:29:46,561 [Worker-15] INFO  o.e.m.c.i.embedder.EclipseLogger - Using 'UTF-8' encoding to copy filtered properties files.
2022-10-24 13:29:46,561 [Worker-15] INFO  o.e.m.c.i.embedder.EclipseLogger - skip non existing resourceDirectory C:\Users\ajc\Desktop\projet\projetPatisserie\back-patisserie\projetPatisserie\src\test\resources
2022-10-24 13:30:14,414 [Worker-14] INFO  o.e.m.c.i.embedder.EclipseLogger - Using 'UTF-8' encoding to copy filtered resources.
2022-10-24 13:30:14,415 [Worker-14] INFO  o.e.m.c.i.embedder.EclipseLogger - Using 'UTF-8' encoding to copy filtered properties files.
2022-10-24 13:30:14,417 [Worker-14] INFO  o.e.m.c.i.embedder.EclipseLogger - Copying 1 resource
2022-10-24 13:30:14,498 [Worker-14] INFO  o.e.m.c.i.embedder.EclipseLogger - Copying 0 resource
2022-10-24 13:30:14,502 [Worker-14] INFO  o.e.m.c.i.embedder.EclipseLogger - Using 'UTF-8' encoding to copy filtered resources.
2022-10-24 13:30:14,502 [Worker-14] INFO  o.e.m.c.i.embedder.EclipseLogger - Using 'UTF-8' encoding to copy filtered properties files.
2022-10-24 13:30:14,502 [Worker-14] INFO  o.e.m.c.i.embedder.EclipseLogger - skip non existing resourceDirectory C:\Users\ajc\Desktop\projet\projetPatisserie\back-patisserie\projetPatisserie\src\test\resources
2022-10-24 13:30:31,936 [Worker-14] INFO  o.e.m.c.i.embedder.EclipseLogger - Using 'UTF-8' encoding to copy filtered resources.
2022-10-24 13:30:31,937 [Worker-14] INFO  o.e.m.c.i.embedder.EclipseLogger - Using 'UTF-8' encoding to copy filtered properties files.
2022-10-24 13:30:31,940 [Worker-14] INFO  o.e.m.c.i.embedder.EclipseLogger - Copying 1 resource
2022-10-24 13:30:31,956 [Worker-14] INFO  o.e.m.c.i.embedder.EclipseLogger - Copying 0 resource
2022-10-24 13:30:31,959 [Worker-14] INFO  o.e.m.c.i.embedder.EclipseLogger - Using 'UTF-8' encoding to copy filtered resources.
2022-10-24 13:30:31,959 [Worker-14] INFO  o.e.m.c.i.embedder.EclipseLogger - Using 'UTF-8' encoding to copy filtered properties files.
2022-10-24 13:30:31,959 [Worker-14] INFO  o.e.m.c.i.embedder.EclipseLogger - skip non existing resourceDirectory C:\Users\ajc\Desktop\projet\projetPatisserie\back-patisserie\projetPatisserie\src\test\resources
2022-10-24 13:30:44,387 [Worker-0] INFO  o.e.m.c.i.embedder.EclipseLogger - Using 'UTF-8' encoding to copy filtered resources.
2022-10-24 13:30:44,387 [Worker-0] INFO  o.e.m.c.i.embedder.EclipseLogger - Using 'UTF-8' encoding to copy filtered properties files.
2022-10-24 13:30:44,388 [Worker-0] INFO  o.e.m.c.i.embedder.EclipseLogger - Copying 1 resource
2022-10-24 13:30:44,403 [Worker-0] INFO  o.e.m.c.i.embedder.EclipseLogger - Copying 0 resource
2022-10-24 13:30:44,405 [Worker-0] INFO  o.e.m.c.i.embedder.EclipseLogger - Using 'UTF-8' encoding to copy filtered resources.
2022-10-24 13:30:44,405 [Worker-0] INFO  o.e.m.c.i.embedder.EclipseLogger - Using 'UTF-8' encoding to copy filtered properties files.
2022-10-24 13:30:44,405 [Worker-0] INFO  o.e.m.c.i.embedder.EclipseLogger - skip non existing resourceDirectory C:\Users\ajc\Desktop\projet\projetPatisserie\back-patisserie\projetPatisserie\src\test\resources
2022-10-24 13:31:04,255 [Worker-14] INFO  o.e.m.c.i.embedder.EclipseLogger - Using 'UTF-8' encoding to copy filtered resources.
2022-10-24 13:31:04,255 [Worker-14] INFO  o.e.m.c.i.embedder.EclipseLogger - Using 'UTF-8' encoding to copy filtered properties files.
2022-10-24 13:31:04,256 [Worker-14] INFO  o.e.m.c.i.embedder.EclipseLogger - Copying 1 resource
2022-10-24 13:31:04,271 [Worker-14] INFO  o.e.m.c.i.embedder.EclipseLogger - Copying 0 resource
2022-10-24 13:31:04,303 [Worker-14] INFO  o.e.m.c.i.embedder.EclipseLogger - Using 'UTF-8' encoding to copy filtered resources.
2022-10-24 13:31:04,304 [Worker-14] INFO  o.e.m.c.i.embedder.EclipseLogger - Using 'UTF-8' encoding to copy filtered properties files.
2022-10-24 13:31:04,304 [Worker-14] INFO  o.e.m.c.i.embedder.EclipseLogger - skip non existing resourceDirectory C:\Users\ajc\Desktop\projet\projetPatisserie\back-patisserie\projetPatisserie\src\test\resources
2022-10-24 13:31:21,690 [Worker-2] INFO  o.e.m.c.i.embedder.EclipseLogger - Using 'UTF-8' encoding to copy filtered resources.
2022-10-24 13:31:21,690 [Worker-2] INFO  o.e.m.c.i.embedder.EclipseLogger - Using 'UTF-8' encoding to copy filtered properties files.
2022-10-24 13:31:21,692 [Worker-2] INFO  o.e.m.c.i.embedder.EclipseLogger - Copying 1 resource
2022-10-24 13:31:21,717 [Worker-2] INFO  o.e.m.c.i.embedder.EclipseLogger - Copying 0 resource
2022-10-24 13:31:21,720 [Worker-2] INFO  o.e.m.c.i.embedder.EclipseLogger - Using 'UTF-8' encoding to copy filtered resources.
2022-10-24 13:31:21,720 [Worker-2] INFO  o.e.m.c.i.embedder.EclipseLogger - Using 'UTF-8' encoding to copy filtered properties files.
2022-10-24 13:31:21,721 [Worker-2] INFO  o.e.m.c.i.embedder.EclipseLogger - skip non existing resourceDirectory C:\Users\ajc\Desktop\projet\projetPatisserie\back-patisserie\projetPatisserie\src\test\resources
2022-10-24 13:31:32,031 [Worker-4] INFO  o.e.m.c.i.embedder.EclipseLogger - Using 'UTF-8' encoding to copy filtered resources.
2022-10-24 13:31:32,032 [Worker-4] INFO  o.e.m.c.i.embedder.EclipseLogger - Using 'UTF-8' encoding to copy filtered properties files.
2022-10-24 13:31:32,034 [Worker-4] INFO  o.e.m.c.i.embedder.EclipseLogger - Copying 1 resource
2022-10-24 13:31:32,096 [Worker-4] INFO  o.e.m.c.i.embedder.EclipseLogger - Copying 0 resource
2022-10-24 13:31:32,100 [Worker-4] INFO  o.e.m.c.i.embedder.EclipseLogger - Using 'UTF-8' encoding to copy filtered resources.
2022-10-24 13:31:32,101 [Worker-4] INFO  o.e.m.c.i.embedder.EclipseLogger - Using 'UTF-8' encoding to copy filtered properties files.
2022-10-24 13:31:32,101 [Worker-4] INFO  o.e.m.c.i.embedder.EclipseLogger - skip non existing resourceDirectory C:\Users\ajc\Desktop\projet\projetPatisserie\back-patisserie\projetPatisserie\src\test\resources
2022-10-24 13:31:47,640 [Worker-2] INFO  o.e.m.c.i.embedder.EclipseLogger - Using 'UTF-8' encoding to copy filtered resources.
2022-10-24 13:31:47,640 [Worker-2] INFO  o.e.m.c.i.embedder.EclipseLogger - Using 'UTF-8' encoding to copy filtered properties files.
2022-10-24 13:31:47,641 [Worker-2] INFO  o.e.m.c.i.embedder.EclipseLogger - Copying 1 resource
2022-10-24 13:31:47,653 [Worker-2] INFO  o.e.m.c.i.embedder.EclipseLogger - Copying 0 resource
2022-10-24 13:31:47,660 [Worker-2] INFO  o.e.m.c.i.embedder.EclipseLogger - Using 'UTF-8' encoding to copy filtered resources.
2022-10-24 13:31:47,660 [Worker-2] INFO  o.e.m.c.i.embedder.EclipseLogger - Using 'UTF-8' encoding to copy filtered properties files.
2022-10-24 13:31:47,660 [Worker-2] INFO  o.e.m.c.i.embedder.EclipseLogger - skip non existing resourceDirectory C:\Users\ajc\Desktop\projet\projetPatisserie\back-patisserie\projetPatisserie\src\test\resources
2022-10-24 13:32:10,648 [Worker-14] INFO  o.e.m.c.i.embedder.EclipseLogger - Using 'UTF-8' encoding to copy filtered resources.
2022-10-24 13:32:10,648 [Worker-14] INFO  o.e.m.c.i.embedder.EclipseLogger - Using 'UTF-8' encoding to copy filtered properties files.
2022-10-24 13:32:10,651 [Worker-14] INFO  o.e.m.c.i.embedder.EclipseLogger - Copying 1 resource
2022-10-24 13:32:10,684 [Worker-14] INFO  o.e.m.c.i.embedder.EclipseLogger - Copying 0 resource
2022-10-24 13:32:10,687 [Worker-14] INFO  o.e.m.c.i.embedder.EclipseLogger - Using 'UTF-8' encoding to copy filtered resources.
2022-10-24 13:32:10,687 [Worker-14] INFO  o.e.m.c.i.embedder.EclipseLogger - Using 'UTF-8' encoding to copy filtered properties files.
2022-10-24 13:32:10,687 [Worker-14] INFO  o.e.m.c.i.embedder.EclipseLogger - skip non existing resourceDirectory C:\Users\ajc\Desktop\projet\projetPatisserie\back-patisserie\projetPatisserie\src\test\resources
2022-10-24 13:32:23,540 [Worker-7] INFO  o.e.m.c.i.embedder.EclipseLogger - Using 'UTF-8' encoding to copy filtered resources.
2022-10-24 13:32:23,540 [Worker-7] INFO  o.e.m.c.i.embedder.EclipseLogger - Using 'UTF-8' encoding to copy filtered properties files.
2022-10-24 13:32:23,541 [Worker-7] INFO  o.e.m.c.i.embedder.EclipseLogger - Copying 1 resource
2022-10-24 13:32:23,559 [Worker-7] INFO  o.e.m.c.i.embedder.EclipseLogger - Copying 0 resource
2022-10-24 13:32:23,567 [Worker-7] INFO  o.e.m.c.i.embedder.EclipseLogger - Using 'UTF-8' encoding to copy filtered resources.
2022-10-24 13:32:23,567 [Worker-7] INFO  o.e.m.c.i.embedder.EclipseLogger - Using 'UTF-8' encoding to copy filtered properties files.
2022-10-24 13:32:23,568 [Worker-7] INFO  o.e.m.c.i.embedder.EclipseLogger - skip non existing resourceDirectory C:\Users\ajc\Desktop\projet\projetPatisserie\back-patisserie\projetPatisserie\src\test\resources
2022-10-24 13:32:39,308 [Worker-23] INFO  o.e.m.c.i.embedder.EclipseLogger - Using 'UTF-8' encoding to copy filtered resources.
2022-10-24 13:32:39,309 [Worker-23] INFO  o.e.m.c.i.embedder.EclipseLogger - Using 'UTF-8' encoding to copy filtered properties files.
2022-10-24 13:32:39,310 [Worker-23] INFO  o.e.m.c.i.embedder.EclipseLogger - Copying 1 resource
2022-10-24 13:32:39,323 [Worker-23] INFO  o.e.m.c.i.embedder.EclipseLogger - Copying 0 resource
2022-10-24 13:32:39,325 [Worker-23] INFO  o.e.m.c.i.embedder.EclipseLogger - Using 'UTF-8' encoding to copy filtered resources.
2022-10-24 13:32:39,325 [Worker-23] INFO  o.e.m.c.i.embedder.EclipseLogger - Using 'UTF-8' encoding to copy filtered properties files.
