2022-10-24 16:07:26,838 [Worker-15] INFO  o.e.m.c.i.l.LifecycleMappingFactory - Using org.eclipse.m2e.jdt.JarLifecycleMapping lifecycle mapping for MavenProject: ajc.fr.thales:projetPatisserie:0.0.1-SNAPSHOT @ C:\Users\ajc\Desktop\projetFinal\projetPatisserie\Back\projetPatisserie\pom.xml.
2022-10-24 16:07:34,969 [Worker-15] INFO  o.e.m.j.i.AbstractJavaProjectConfigurator - Adding source folder /projetPatisserie/src/main/java
2022-10-24 16:07:34,970 [Worker-15] INFO  o.e.m.j.i.AbstractJavaProjectConfigurator - Adding resource folder /projetPatisserie/src/main/resources
2022-10-24 16:07:34,971 [Worker-15] INFO  o.e.m.j.i.AbstractJavaProjectConfigurator - Adding resource folder /projetPatisserie/src/main/resources
2022-10-24 16:07:34,972 [Worker-15] INFO  o.e.m.j.i.AbstractJavaProjectConfigurator - Adding source folder /projetPatisserie/src/test/java
2022-10-24 16:07:35,711 [Worker-15] INFO  o.e.m.c.i.p.ProjectConfigurationManager - Imported and configured 1 project(s) in 14 sec
2022-10-24 16:07:40,464 [Worker-15] INFO  o.e.m.c.i.embedder.EclipseLogger - Using 'UTF-8' encoding to copy filtered resources.
2022-10-24 16:07:40,464 [Worker-15] INFO  o.e.m.c.i.embedder.EclipseLogger - Using 'UTF-8' encoding to copy filtered properties files.
2022-10-24 16:07:40,470 [Worker-15] INFO  o.e.m.c.i.embedder.EclipseLogger - Copying 1 resource
2022-10-24 16:07:40,507 [Worker-15] INFO  o.e.m.c.i.embedder.EclipseLogger - Copying 0 resource
2022-10-24 16:07:40,512 [Worker-15] INFO  o.e.m.c.i.embedder.EclipseLogger - Using 'UTF-8' encoding to copy filtered resources.
2022-10-24 16:07:40,512 [Worker-15] INFO  o.e.m.c.i.embedder.EclipseLogger - Using 'UTF-8' encoding to copy filtered properties files.
2022-10-24 16:07:40,512 [Worker-15] INFO  o.e.m.c.i.embedder.EclipseLogger - skip non existing resourceDirectory C:\Users\ajc\Desktop\projetFinal\projetPatisserie\Back\projetPatisserie\src\test\resources
2022-10-24 16:29:00,668 [Worker-21] INFO  o.e.m.c.i.embedder.EclipseLogger - Using 'UTF-8' encoding to copy filtered resources.
2022-10-24 16:29:00,671 [Worker-21] INFO  o.e.m.c.i.embedder.EclipseLogger - Using 'UTF-8' encoding to copy filtered properties files.
2022-10-24 16:29:00,691 [Worker-21] INFO  o.e.m.c.i.embedder.EclipseLogger - Copying 1 resource
2022-10-24 16:29:00,714 [Worker-21] INFO  o.e.m.c.i.embedder.EclipseLogger - Copying 0 resource
2022-10-24 16:29:00,717 [Worker-21] INFO  o.e.m.c.i.embedder.EclipseLogger - Using 'UTF-8' encoding to copy filtered resources.
2022-10-24 16:29:00,717 [Worker-21] INFO  o.e.m.c.i.embedder.EclipseLogger - Using 'UTF-8' encoding to copy filtered properties files.
2022-10-24 16:29:00,717 [Worker-21] INFO  o.e.m.c.i.embedder.EclipseLogger - skip non existing resourceDirectory C:\Users\ajc\Desktop\projetFinal\projetPatisserie\Back\projetPatisserie\src\test\resources
2022-10-24 16:29:04,238 [Worker-17] INFO  o.e.m.c.i.l.LifecycleMappingFactory - Using org.eclipse.m2e.jdt.JarLifecycleMapping lifecycle mapping for MavenProject: ajc.fr.thales:projetPatisserie:0.0.1-SNAPSHOT @ C:\Users\ajc\Desktop\projetFinal\projetPatisserie\Back\projetPatisserie\pom.xml.
2022-10-24 16:29:06,637 [Worker-17] ERROR o.e.m.c.i.i.nexus.NexusIndexManager - Unable to add ajc/fr/thales/projetPatisserie/0.0.1-SNAPSHOT/projetPatisserie-0.0.1-SNAPSHOT.pom
java.io.FileNotFoundException: C:\Users\ajc\Desktop\projetFinal\projetPatisserie\Back\.metadata\.plugins\org.eclipse.m2e.core\nexus\830bc118332e77292949ed1e6d2fabe0\segments_7 (The system cannot find the file specified)
	at java.io.RandomAccessFile.open0(Native Method) ~[na:1.8.0_77]
	at java.io.RandomAccessFile.open(Unknown Source) ~[na:1.8.0_77]
	at java.io.RandomAccessFile.<init>(Unknown Source) ~[na:1.8.0_77]
	at org.apache.lucene.store.FSDirectory$FSIndexInput$Descriptor.<init>(FSDirectory.java:552) ~[lucene-core-2.4.1.jar:2.4.1 750176 - 2009-03-04 21:56:52]
	at org.apache.lucene.store.FSDirectory$FSIndexInput.<init>(FSDirectory.java:582) ~[lucene-core-2.4.1.jar:2.4.1 750176 - 2009-03-04 21:56:52]
	at org.apache.lucene.store.FSDirectory.openInput(FSDirectory.java:488) ~[lucene-core-2.4.1.jar:2.4.1 750176 - 2009-03-04 21:56:52]
	at org.apache.lucene.store.FSDirectory.openInput(FSDirectory.java:482) ~[lucene-core-2.4.1.jar:2.4.1 750176 - 2009-03-04 21:56:52]
	at org.apache.lucene.index.SegmentInfos$2.doBody(SegmentInfos.java:369) ~[lucene-core-2.4.1.jar:2.4.1 750176 - 2009-03-04 21:56:52]
	at org.apache.lucene.index.SegmentInfos$FindSegmentsFile.run(SegmentInfos.java:653) ~[lucene-core-2.4.1.jar:2.4.1 750176 - 2009-03-04 21:56:52]
	at org.apache.lucene.index.SegmentInfos.readCurrentVersion(SegmentInfos.java:366) ~[lucene-core-2.4.1.jar:2.4.1 750176 - 2009-03-04 21:56:52]
	at org.apache.lucene.index.DirectoryIndexReader.isCurrent(DirectoryIndexReader.java:237) ~[lucene-core-2.4.1.jar:2.4.1 750176 - 2009-03-04 21:56:52]
	at org.apache.maven.index.context.DefaultIndexingContext.getIndexReader(DefaultIndexingContext.java:456) ~[indexer-core-3.1.0.jar:3.1.0]
	at org.apache.maven.index.context.DefaultIndexingContext.getIndexSearcher(DefaultIndexingContext.java:475) ~[indexer-core-3.1.0.jar:3.1.0]
	at org.apache.maven.index.context.IndexUtils.getGroups(IndexUtils.java:251) ~[indexer-core-3.1.0.jar:3.1.0]
	at org.apache.maven.index.context.IndexUtils.getRootGroups(IndexUtils.java:220) ~[indexer-core-3.1.0.jar:3.1.0]
	at org.apache.maven.index.context.DefaultIndexingContext.getRootGroups(DefaultIndexingContext.java:785) ~[indexer-core-3.1.0.jar:3.1.0]
	at org.apache.maven.index.DefaultIndexerEngine.updateGroups(DefaultIndexerEngine.java:150) ~[org.eclipse.m2e.maven.indexer_1.6.2.20150902-0001/:na]
	at org.apache.maven.index.DefaultIndexerEngine.update(DefaultIndexerEngine.java:82) ~[org.eclipse.m2e.maven.indexer_1.6.2.20150902-0001/:na]
	at org.apache.maven.index.DefaultNexusIndexer.addArtifactToIndex(DefaultNexusIndexer.java:338) ~[org.eclipse.m2e.maven.indexer_1.6.2.20150902-0001/:na]
	at org.eclipse.m2e.core.internal.index.nexus.NexusIndexManager.addDocument(NexusIndexManager.java:580) [org.eclipse.m2e.core_1.6.2.20150902-0002.jar:na]
	at org.eclipse.m2e.core.internal.index.nexus.NexusIndexManager.mavenProjectChanged(NexusIndexManager.java:758) [org.eclipse.m2e.core_1.6.2.20150902-0002.jar:na]
	at org.eclipse.m2e.core.internal.project.registry.ProjectRegistryManager.notifyProjectChangeListeners(ProjectRegistryManager.java:783) [org.eclipse.m2e.core_1.6.2.20150902-0002.jar:na]
	at org.eclipse.m2e.core.internal.project.registry.ProjectRegistryManager.applyMutableProjectRegistry(ProjectRegistryManager.java:919) [org.eclipse.m2e.core_1.6.2.20150902-0002.jar:na]
	at org.eclipse.m2e.core.internal.project.registry.ProjectRegistryManager.refresh(ProjectRegistryManager.java:299) [org.eclipse.m2e.core_1.6.2.20150902-0002.jar:na]
	at org.eclipse.m2e.core.internal.builder.MavenBuilder$BuildMethod.getProjectFacade(MavenBuilder.java:154) [org.eclipse.m2e.core_1.6.2.20150902-0002.jar:na]
	at org.eclipse.m2e.core.internal.builder.MavenBuilder$BuildMethod$1.call(MavenBuilder.java:89) [org.eclipse.m2e.core_1.6.2.20150902-0002.jar:na]
	at org.eclipse.m2e.core.internal.embedder.MavenExecutionContext.executeBare(MavenExecutionContext.java:176) [org.eclipse.m2e.core_1.6.2.20150902-0002.jar:na]
	at org.eclipse.m2e.core.internal.embedder.MavenExecutionContext.execute(MavenExecutionContext.java:151) [org.eclipse.m2e.core_1.6.2.20150902-0002.jar:na]
	at org.eclipse.m2e.core.internal.embedder.MavenExecutionContext.execute(MavenExecutionContext.java:99) [org.eclipse.m2e.core_1.6.2.20150902-0002.jar:na]
	at org.eclipse.m2e.core.internal.builder.MavenBuilder$BuildMethod.execute(MavenBuilder.java:86) [org.eclipse.m2e.core_1.6.2.20150902-0002.jar:na]
	at org.eclipse.m2e.core.internal.builder.MavenBuilder.build(MavenBuilder.java:200) [org.eclipse.m2e.core_1.6.2.20150902-0002.jar:na]
	at org.eclipse.core.internal.events.BuildManager$2.run(BuildManager.java:734) [org.eclipse.core.resources_3.10.1.v20150725-1910.jar:na]
	at org.eclipse.core.runtime.SafeRunner.run(SafeRunner.java:42) [org.eclipse.equinox.common_3.7.0.v20150402-1709.jar:na]
	at org.eclipse.core.internal.events.BuildManager.basicBuild(BuildManager.java:205) [org.eclipse.core.resources_3.10.1.v20150725-1910.jar:na]
	at org.eclipse.core.internal.events.BuildManager.basicBuild(BuildManager.java:245) [org.eclipse.core.resources_3.10.1.v20150725-1910.jar:na]
	at org.eclipse.core.internal.events.BuildManager$1.run(BuildManager.java:300) [org.eclipse.core.resources_3.10.1.v20150725-1910.jar:na]
	at org.eclipse.core.runtime.SafeRunner.run(SafeRunner.java:42) [org.eclipse.equinox.common_3.7.0.v20150402-1709.jar:na]
	at org.eclipse.core.internal.events.BuildManager.basicBuild(BuildManager.java:303) [org.eclipse.core.resources_3.10.1.v20150725-1910.jar:na]
	at org.eclipse.core.internal.events.BuildManager.basicBuildLoop(BuildManager.java:359) [org.eclipse.core.resources_3.10.1.v20150725-1910.jar:na]
	at org.eclipse.core.internal.events.BuildManager.build(BuildManager.java:382) [org.eclipse.core.resources_3.10.1.v20150725-1910.jar:na]
	at org.eclipse.core.internal.events.AutoBuildJob.doBuild(AutoBuildJob.java:144) [org.eclipse.core.resources_3.10.1.v20150725-1910.jar:na]
	at org.eclipse.core.internal.events.AutoBuildJob.run(AutoBuildJob.java:235) [org.eclipse.core.resources_3.10.1.v20150725-1910.jar:na]
	at org.eclipse.core.internal.jobs.Worker.run(Worker.java:55) [org.eclipse.core.jobs_3.7.0.v20150330-2103.jar:na]
2022-10-24 16:29:07,558 [Worker-17] INFO  o.e.m.c.i.embedder.EclipseLogger - Using 'UTF-8' encoding to copy filtered resources.
2022-10-24 16:29:07,558 [Worker-17] INFO  o.e.m.c.i.embedder.EclipseLogger - Using 'UTF-8' encoding to copy filtered properties files.
2022-10-24 16:29:07,563 [Worker-17] INFO  o.e.m.c.i.embedder.EclipseLogger - Copying 0 resource
2022-10-24 16:29:07,563 [Worker-17] INFO  o.e.m.c.i.embedder.EclipseLogger - Copying 0 resource
2022-10-24 16:29:07,577 [Worker-17] INFO  o.e.m.c.i.embedder.EclipseLogger - Using 'UTF-8' encoding to copy filtered resources.
2022-10-24 16:29:07,577 [Worker-17] INFO  o.e.m.c.i.embedder.EclipseLogger - Using 'UTF-8' encoding to copy filtered properties files.
2022-10-24 16:29:07,578 [Worker-17] INFO  o.e.m.c.i.embedder.EclipseLogger - skip non existing resourceDirectory C:\Users\ajc\Desktop\projetFinal\projetPatisserie\Back\projetPatisserie\src\test\resources
2022-10-24 16:29:11,009 [Worker-24] INFO  o.e.m.c.i.embedder.EclipseLogger - Using 'UTF-8' encoding to copy filtered resources.
2022-10-24 16:29:11,009 [Worker-24] INFO  o.e.m.c.i.embedder.EclipseLogger - Using 'UTF-8' encoding to copy filtered properties files.
2022-10-24 16:29:11,010 [Worker-24] INFO  o.e.m.c.i.embedder.EclipseLogger - Copying 1 resource
2022-10-24 16:29:11,051 [Worker-24] INFO  o.e.m.c.i.embedder.EclipseLogger - Copying 0 resource
2022-10-24 16:29:11,054 [Worker-24] INFO  o.e.m.c.i.embedder.EclipseLogger - Using 'UTF-8' encoding to copy filtered resources.
2022-10-24 16:29:11,054 [Worker-24] INFO  o.e.m.c.i.embedder.EclipseLogger - Using 'UTF-8' encoding to copy filtered properties files.
2022-10-24 16:29:11,054 [Worker-24] INFO  o.e.m.c.i.embedder.EclipseLogger - skip non existing resourceDirectory C:\Users\ajc\Desktop\projetFinal\projetPatisserie\Back\projetPatisserie\src\test\resources
